<?xml version="1.0" encoding="UTF-8"?>
<!-- Generated by org.testng.reporters.JUnitReportReporter -->
<testsuite hostname="DESKTOP-8JKSE2M" failures="0" tests="1" name="SeleniumJava.MavenIntegration.StandAloneTest" time="16.147" errors="0" timestamp="2023-01-21T19:18:08 IST" skipped="0">
  <testcase classname="SeleniumJava.MavenIntegration.StandAloneTest" name="SubmitOrder" time="16.147"/>
  <system-out/>
</testsuite> <!-- SeleniumJava.MavenIntegration.StandAloneTest -->
