<?xml version="1.0" encoding="UTF-8"?>
<!-- Generated by org.testng.reporters.JUnitReportReporter -->
<testsuite hostname="DESKTOP-8JKSE2M" failures="0" tests="2" name="SeleniumJava.MavenIntegration.SubmitOrder" time="49.754" errors="0" timestamp="2023-01-21T19:18:08 IST" skipped="0">
  <testcase classname="SeleniumJava.MavenIntegration.SubmitOrder" name="SubmitOrderAgain" time="28.546"/>
  <system-out/>
  <testcase classname="SeleniumJava.MavenIntegration.SubmitOrder" name="SubmitOrderAgain" time="21.208"/>
  <system-out/>
</testsuite> <!-- SeleniumJava.MavenIntegration.SubmitOrder -->
